Arguments: 
  /Users/vumacbook/.nvm/versions/node/v10.13.0/bin/node /Users/vumacbook/.yarn/bin/yarn.js

PATH: 
  /Users/vumacbook/.poetry/bin:/Users/vumacbook/.yarn/bin:/Users/vumacbook/.config/yarn/global/node_modules/.bin:/usr/local/opt/gettext/bin:/Users/vumacbook/.gvm/pkgsets/go1.11.2/global/bin:/Users/vumacbook/.gvm/gos/go1.11.2/bin:/Users/vumacbook/.gvm/pkgsets/go1.11.2/global/overlay/bin:/Users/vumacbook/.gvm/bin:/Users/vumacbook/.gvm/bin:/Users/vumacbook/.pyenv/shims:/Users/vumacbook/.nvm/versions/node/v10.13.0/bin:/usr/local/bin:/usr/bin:/bin:/usr/sbin:/sbin

Yarn version: 
  1.13.0

Node version: 
  10.13.0

Platform: 
  darwin x64

Trace: 
  SyntaxError: /Users/vumacbook/Documents/keothom/package.json: Unexpected token } in JSON at position 1787
      at JSON.parse (<anonymous>)
      at /Users/vumacbook/.yarn/lib/cli.js:1625:59
      at Generator.next (<anonymous>)
      at step (/Users/vumacbook/.yarn/lib/cli.js:304:30)
      at /Users/vumacbook/.yarn/lib/cli.js:315:13

npm manifest: 
  {
    "name": "SweetDeals",
    "version": "0.1.0",
    "description": "@vutr",
    "main": "index.js",
    "scripts": {
      "start": "node -r dotenv/config -r ts-node/register --inspect fuse.ts",
      "start:prod": "DOTENV_CONFIG_PATH=.env.prod node -r dotenv/config -r ts-node/register --inspect fuse.ts",
      "lint": "tslint --fix -c tslint.json '{client,server}/**/*.{ts,tsx}'",
      "test": "DOTENV_CONFIG_PATH=.env.test mocha --opts test/mocha.opts",
      "cover": "DOTENV_CONFIG_PATH=.env.test nyc mocha --opts test/mocha.opts",
      "healthcheck": "DOTENV_CONFIG_PATH=.env.test node -r dotenv/config -r ts-node/register --inspect docs/healthcheck",
      "verify": "run-s healthcheck lint test cover",
      "docker": "docker-compose -f docker-compose.dev.yaml up -d"
    },
    "dependencies": {
      "@types/express": "^4.17.0",
      "@types/mongoose": "^5.5.6",
      "@types/node": "^12.0.8",
      "@types/react": "^16.8.19",
      "@types/react-dom": "^16.8.4",
      "@types/react-loadable": "^5.5.1",
      "@types/react-router-dom": "^4.3.3",
      "dotenv": "^8.0.0",
      "es6-template-strings": "^2.0.1",
      "express": "^4.17.1",
      "mongoose": "^5.5.15",
      "ramda": "^0.26.1",
      "react": "^16.8.6",
      "react-dom": "^16.8.6",
      "react-loadable": "^5.5.0",
      "react-router-dom": "^5.0.1"
    },
    "devDependencies": {
      "@types/chai": "^4.1.7",
      "@types/mocha": "^5.2.7",
      "@types/ramda": "^0.26.9",
      "@types/supertest": "^2.0.7",
      "chai": "^4.2.0",
      "husky": "^2.4.1",
      "mocha": "^6.1.4",
      "node-sass": "^4.12.0",
      "npm-run-all": "^4.1.5",
      "nyc": "^14.1.1",
      "proxyquire": "^2.1.0",
      "source-map-support": "^0.5.12",
      "supertest": "^4.0.2",
      "ts-node": "^8.2.0",
      "tsconfig-paths": "^3.8.0",
      "tslint": "^5.17.0",
      "tslint-react": "^4.0.0",
    },
    "husky": {
      "hooks": {
        "pre-commit": "npm run lint"
      }
    },
    "nyc": {
      "include": [
        "server/**"
      ],
      "exclude": [
        "test/**"
      ],
      "extension": [
        ".ts",
        ".tsx"
      ],
      "require": [
        "ts-node/register",
        "tsconfig-paths/register"
      ],
      "reporter": [
        "text-summary",
        "html"
      ],
      "check-coverage": true,
      "branches": 80,
      "lines": 80,
      "functions": 80,
      "statements": 80,
      "watermarks": {
        "lines": [
          80,
          95
        ],
        "functions": [
          80,
          95
        ],
        "branches": [
          80,
          95
        ],
        "statements": [
          80,
          95
        ]
      },
      "sourceMap": true,
      "instrument": true
    }
  }

yarn manifest: 
  No manifest

Lockfile: 
  No lockfile
